{"D:\\Learning\\todolist\\DailyTask\\Blog_page\\src\\contexts\\AuthContext.jsx": {"path":"D:\\Learning\\todolist\\DailyTask\\Blog_page\\src\\contexts\\AuthContext.jsx","statementMap":{"0":{"start":{"line":5,"column":20},"end":{"line":5,"column":39}},"1":{"start":{"line":7,"column":28},"end":{"line":78,"column":1}},"2":{"start":{"line":8,"column":26},"end":{"line":8,"column":40}},"3":{"start":{"line":9,"column":32},"end":{"line":9,"column":46}},"4":{"start":{"line":10,"column":48},"end":{"line":10,"column":63}},"5":{"start":{"line":12,"column":2},"end":{"line":19,"column":9}},"6":{"start":{"line":13,"column":18},"end":{"line":13,"column":47}},"7":{"start":{"line":14,"column":4},"end":{"line":18,"column":5}},"8":{"start":{"line":15,"column":6},"end":{"line":15,"column":18}},"9":{"start":{"line":17,"column":6},"end":{"line":17,"column":24}},"10":{"start":{"line":21,"column":20},"end":{"line":33,"column":3}},"11":{"start":{"line":22,"column":4},"end":{"line":32,"column":5}},"12":{"start":{"line":23,"column":19},"end":{"line":23,"column":40}},"13":{"start":{"line":24,"column":6},"end":{"line":24,"column":30}},"14":{"start":{"line":25,"column":6},"end":{"line":25,"column":31}},"15":{"start":{"line":27,"column":6},"end":{"line":27,"column":39}},"16":{"start":{"line":28,"column":6},"end":{"line":28,"column":20}},"17":{"start":{"line":29,"column":6},"end":{"line":29,"column":32}},"18":{"start":{"line":31,"column":6},"end":{"line":31,"column":24}},"19":{"start":{"line":35,"column":16},"end":{"line":42,"column":3}},"20":{"start":{"line":36,"column":17},"end":{"line":36,"column":57}},"21":{"start":{"line":37,"column":4},"end":{"line":37,"column":51}},"22":{"start":{"line":38,"column":4},"end":{"line":38,"column":28}},"23":{"start":{"line":39,"column":4},"end":{"line":39,"column":29}},"24":{"start":{"line":40,"column":4},"end":{"line":40,"column":28}},"25":{"start":{"line":41,"column":4},"end":{"line":41,"column":16}},"26":{"start":{"line":44,"column":19},"end":{"line":51,"column":3}},"27":{"start":{"line":45,"column":17},"end":{"line":45,"column":70}},"28":{"start":{"line":46,"column":4},"end":{"line":46,"column":51}},"29":{"start":{"line":47,"column":4},"end":{"line":47,"column":28}},"30":{"start":{"line":48,"column":4},"end":{"line":48,"column":29}},"31":{"start":{"line":49,"column":4},"end":{"line":49,"column":28}},"32":{"start":{"line":50,"column":4},"end":{"line":50,"column":16}},"33":{"start":{"line":53,"column":17},"end":{"line":58,"column":3}},"34":{"start":{"line":54,"column":4},"end":{"line":54,"column":37}},"35":{"start":{"line":55,"column":4},"end":{"line":55,"column":18}},"36":{"start":{"line":56,"column":4},"end":{"line":56,"column":30}},"37":{"start":{"line":57,"column":4},"end":{"line":57,"column":29}},"38":{"start":{"line":60,"column":21},"end":{"line":62,"column":3}},"39":{"start":{"line":61,"column":4},"end":{"line":61,"column":38}},"40":{"start":{"line":64,"column":2},"end":{"line":77,"column":4}},"41":{"start":{"line":80,"column":23},"end":{"line":86,"column":1}},"42":{"start":{"line":81,"column":18},"end":{"line":81,"column":41}},"43":{"start":{"line":82,"column":2},"end":{"line":84,"column":3}},"44":{"start":{"line":83,"column":4},"end":{"line":83,"column":64}},"45":{"start":{"line":85,"column":2},"end":{"line":85,"column":17}}},"fnMap":{"0":{"name":"(anonymous_0)","decl":{"start":{"line":7,"column":28},"end":{"line":7,"column":29}},"loc":{"start":{"line":7,"column":46},"end":{"line":78,"column":1}},"line":7},"1":{"name":"(anonymous_1)","decl":{"start":{"line":12,"column":12},"end":{"line":12,"column":13}},"loc":{"start":{"line":12,"column":18},"end":{"line":19,"column":3}},"line":12},"2":{"name":"(anonymous_2)","decl":{"start":{"line":21,"column":20},"end":{"line":21,"column":21}},"loc":{"start":{"line":21,"column":32},"end":{"line":33,"column":3}},"line":21},"3":{"name":"(anonymous_3)","decl":{"start":{"line":35,"column":16},"end":{"line":35,"column":17}},"loc":{"start":{"line":35,"column":43},"end":{"line":42,"column":3}},"line":35},"4":{"name":"(anonymous_4)","decl":{"start":{"line":44,"column":19},"end":{"line":44,"column":20}},"loc":{"start":{"line":44,"column":56},"end":{"line":51,"column":3}},"line":44},"5":{"name":"(anonymous_5)","decl":{"start":{"line":53,"column":17},"end":{"line":53,"column":18}},"loc":{"start":{"line":53,"column":23},"end":{"line":58,"column":3}},"line":53},"6":{"name":"(anonymous_6)","decl":{"start":{"line":60,"column":21},"end":{"line":60,"column":22}},"loc":{"start":{"line":60,"column":33},"end":{"line":62,"column":3}},"line":60},"7":{"name":"(anonymous_7)","decl":{"start":{"line":80,"column":23},"end":{"line":80,"column":24}},"loc":{"start":{"line":80,"column":29},"end":{"line":86,"column":1}},"line":80}},"branchMap":{"0":{"loc":{"start":{"line":14,"column":4},"end":{"line":18,"column":5}},"type":"if","locations":[{"start":{"line":14,"column":4},"end":{"line":18,"column":5}},{"start":{"line":16,"column":11},"end":{"line":18,"column":5}}],"line":14},"1":{"loc":{"start":{"line":82,"column":2},"end":{"line":84,"column":3}},"type":"if","locations":[{"start":{"line":82,"column":2},"end":{"line":84,"column":3}},{"start":{},"end":{}}],"line":82}},"s":{"0":1,"1":1,"2":0,"3":0,"4":0,"5":0,"6":0,"7":0,"8":0,"9":0,"10":0,"11":0,"12":0,"13":0,"14":0,"15":0,"16":0,"17":0,"18":0,"19":0,"20":0,"21":0,"22":0,"23":0,"24":0,"25":0,"26":0,"27":0,"28":0,"29":0,"30":0,"31":0,"32":0,"33":0,"34":0,"35":0,"36":0,"37":0,"38":0,"39":0,"40":0,"41":1,"42":20,"43":20,"44":20,"45":0},"f":{"0":0,"1":0,"2":0,"3":0,"4":0,"5":0,"6":0,"7":20},"b":{"0":[0,0],"1":[20,0]},"_coverageSchema":"1a1c01bbd47fc00a2c39e90264f33305004495a9","hash":"c49e0b0fcd1b8ba5a326177aa229120f6cdd7245"}
,"D:\\Learning\\todolist\\DailyTask\\Blog_page\\src\\contexts\\index.js": {"path":"D:\\Learning\\todolist\\DailyTask\\Blog_page\\src\\contexts\\index.js","statementMap":{},"fnMap":{},"branchMap":{},"s":{},"f":{},"b":{},"_coverageSchema":"1a1c01bbd47fc00a2c39e90264f33305004495a9","hash":"6d0b7853f69423e765d3b312c2a663ca08c468a3"}
,"D:\\Learning\\todolist\\DailyTask\\Blog_page\\src\\pages\\user\\Login.jsx": {"path":"D:\\Learning\\todolist\\DailyTask\\Blog_page\\src\\pages\\user\\Login.jsx","statementMap":{"0":{"start":{"line":7,"column":14},"end":{"line":59,"column":1}},"1":{"start":{"line":8,"column":32},"end":{"line":8,"column":47}},"2":{"start":{"line":9,"column":19},"end":{"line":9,"column":32}},"3":{"start":{"line":10,"column":20},"end":{"line":10,"column":29}},"4":{"start":{"line":12,"column":19},"end":{"line":22,"column":3}},"5":{"start":{"line":13,"column":4},"end":{"line":13,"column":21}},"6":{"start":{"line":14,"column":4},"end":{"line":21,"column":5}},"7":{"start":{"line":15,"column":6},"end":{"line":15,"column":49}},"8":{"start":{"line":16,"column":6},"end":{"line":16,"column":20}},"9":{"start":{"line":18,"column":6},"end":{"line":18,"column":35}},"10":{"start":{"line":20,"column":6},"end":{"line":20,"column":24}},"11":{"start":{"line":24,"column":2},"end":{"line":58,"column":4}}},"fnMap":{"0":{"name":"(anonymous_0)","decl":{"start":{"line":7,"column":14},"end":{"line":7,"column":15}},"loc":{"start":{"line":7,"column":20},"end":{"line":59,"column":1}},"line":7},"1":{"name":"(anonymous_1)","decl":{"start":{"line":12,"column":19},"end":{"line":12,"column":20}},"loc":{"start":{"line":12,"column":37},"end":{"line":22,"column":3}},"line":12}},"branchMap":{},"s":{"0":1,"1":13,"2":12,"3":12,"4":0,"5":0,"6":0,"7":0,"8":0,"9":0,"10":0,"11":0},"f":{"0":13,"1":0},"b":{},"_coverageSchema":"1a1c01bbd47fc00a2c39e90264f33305004495a9","hash":"9537db77a0098b2d385e8586c42f43d9bbbb6136"}
,"D:\\Learning\\todolist\\DailyTask\\Blog_page\\src\\pages\\user\\Register.jsx": {"path":"D:\\Learning\\todolist\\DailyTask\\Blog_page\\src\\pages\\user\\Register.jsx","statementMap":{"0":{"start":{"line":7,"column":17},"end":{"line":84,"column":1}},"1":{"start":{"line":8,"column":32},"end":{"line":8,"column":47}},"2":{"start":{"line":9,"column":19},"end":{"line":9,"column":32}},"3":{"start":{"line":10,"column":23},"end":{"line":10,"column":32}},"4":{"start":{"line":12,"column":19},"end":{"line":22,"column":3}},"5":{"start":{"line":13,"column":4},"end":{"line":13,"column":21}},"6":{"start":{"line":14,"column":4},"end":{"line":21,"column":5}},"7":{"start":{"line":15,"column":6},"end":{"line":15,"column":69}},"8":{"start":{"line":16,"column":6},"end":{"line":16,"column":20}},"9":{"start":{"line":18,"column":6},"end":{"line":18,"column":35}},"10":{"start":{"line":20,"column":6},"end":{"line":20,"column":24}},"11":{"start":{"line":24,"column":2},"end":{"line":83,"column":4}},"12":{"start":{"line":58,"column":38},"end":{"line":65,"column":15}},"13":{"start":{"line":60,"column":18},"end":{"line":62,"column":19}},"14":{"start":{"line":61,"column":20},"end":{"line":61,"column":45}},"15":{"start":{"line":63,"column":18},"end":{"line":63,"column":65}}},"fnMap":{"0":{"name":"(anonymous_0)","decl":{"start":{"line":7,"column":17},"end":{"line":7,"column":18}},"loc":{"start":{"line":7,"column":23},"end":{"line":84,"column":1}},"line":7},"1":{"name":"(anonymous_1)","decl":{"start":{"line":12,"column":19},"end":{"line":12,"column":20}},"loc":{"start":{"line":12,"column":37},"end":{"line":22,"column":3}},"line":12},"2":{"name":"(anonymous_2)","decl":{"start":{"line":58,"column":14},"end":{"line":58,"column":15}},"loc":{"start":{"line":58,"column":38},"end":{"line":65,"column":15}},"line":58},"3":{"name":"(anonymous_3)","decl":{"start":{"line":59,"column":16},"end":{"line":59,"column":17}},"loc":{"start":{"line":59,"column":36},"end":{"line":64,"column":17}},"line":59}},"branchMap":{"0":{"loc":{"start":{"line":60,"column":18},"end":{"line":62,"column":19}},"type":"if","locations":[{"start":{"line":60,"column":18},"end":{"line":62,"column":19}},{"start":{},"end":{}}],"line":60},"1":{"loc":{"start":{"line":60,"column":22},"end":{"line":60,"column":67}},"type":"binary-expr","locations":[{"start":{"line":60,"column":22},"end":{"line":60,"column":28}},{"start":{"line":60,"column":32},"end":{"line":60,"column":67}}],"line":60}},"s":{"0":1,"1":9,"2":8,"3":8,"4":0,"5":0,"6":0,"7":0,"8":0,"9":0,"10":0,"11":0,"12":0,"13":0,"14":0,"15":0},"f":{"0":9,"1":0,"2":0,"3":0},"b":{"0":[0,0],"1":[0,0]},"_coverageSchema":"1a1c01bbd47fc00a2c39e90264f33305004495a9","hash":"c9cce0e48d047110bc033874a656accf66543c8c"}
,"D:\\Learning\\todolist\\DailyTask\\Blog_page\\src\\services\\api.js": {"path":"D:\\Learning\\todolist\\DailyTask\\Blog_page\\src\\services\\api.js","statementMap":{"0":{"start":{"line":3,"column":12},"end":{"line":9,"column":2}},"1":{"start":{"line":11,"column":0},"end":{"line":20,"column":2}},"2":{"start":{"line":13,"column":18},"end":{"line":13,"column":47}},"3":{"start":{"line":14,"column":4},"end":{"line":16,"column":5}},"4":{"start":{"line":15,"column":6},"end":{"line":15,"column":55}},"5":{"start":{"line":17,"column":4},"end":{"line":17,"column":18}},"6":{"start":{"line":19,"column":13},"end":{"line":19,"column":34}},"7":{"start":{"line":22,"column":0},"end":{"line":36,"column":2}},"8":{"start":{"line":24,"column":4},"end":{"line":26,"column":5}},"9":{"start":{"line":25,"column":6},"end":{"line":25,"column":62}},"10":{"start":{"line":27,"column":4},"end":{"line":27,"column":25}},"11":{"start":{"line":30,"column":4},"end":{"line":33,"column":5}},"12":{"start":{"line":31,"column":22},"end":{"line":31,"column":60}},"13":{"start":{"line":32,"column":6},"end":{"line":32,"column":48}},"14":{"start":{"line":34,"column":4},"end":{"line":34,"column":33}}},"fnMap":{"0":{"name":"(anonymous_0)","decl":{"start":{"line":12,"column":2},"end":{"line":12,"column":3}},"loc":{"start":{"line":12,"column":14},"end":{"line":18,"column":3}},"line":12},"1":{"name":"(anonymous_1)","decl":{"start":{"line":19,"column":2},"end":{"line":19,"column":3}},"loc":{"start":{"line":19,"column":13},"end":{"line":19,"column":34}},"line":19},"2":{"name":"(anonymous_2)","decl":{"start":{"line":23,"column":2},"end":{"line":23,"column":3}},"loc":{"start":{"line":23,"column":16},"end":{"line":28,"column":3}},"line":23},"3":{"name":"(anonymous_3)","decl":{"start":{"line":29,"column":2},"end":{"line":29,"column":3}},"loc":{"start":{"line":29,"column":13},"end":{"line":35,"column":3}},"line":29}},"branchMap":{"0":{"loc":{"start":{"line":14,"column":4},"end":{"line":16,"column":5}},"type":"if","locations":[{"start":{"line":14,"column":4},"end":{"line":16,"column":5}},{"start":{},"end":{}}],"line":14},"1":{"loc":{"start":{"line":24,"column":4},"end":{"line":26,"column":5}},"type":"if","locations":[{"start":{"line":24,"column":4},"end":{"line":26,"column":5}},{"start":{},"end":{}}],"line":24},"2":{"loc":{"start":{"line":30,"column":4},"end":{"line":33,"column":5}},"type":"if","locations":[{"start":{"line":30,"column":4},"end":{"line":33,"column":5}},{"start":{},"end":{}}],"line":30},"3":{"loc":{"start":{"line":31,"column":22},"end":{"line":31,"column":60}},"type":"binary-expr","locations":[{"start":{"line":31,"column":22},"end":{"line":31,"column":50}},{"start":{"line":31,"column":54},"end":{"line":31,"column":60}}],"line":31}},"s":{"0":1,"1":1,"2":0,"3":0,"4":0,"5":0,"6":0,"7":1,"8":0,"9":0,"10":0,"11":0,"12":0,"13":0,"14":0},"f":{"0":0,"1":0,"2":0,"3":0},"b":{"0":[0,0],"1":[0,0],"2":[0,0],"3":[0,0]},"_coverageSchema":"1a1c01bbd47fc00a2c39e90264f33305004495a9","hash":"337ea25920da1d7cb9b84f4ab0eeb4c37bba889c"}
,"D:\\Learning\\todolist\\DailyTask\\Blog_page\\src\\services\\index.js": {"path":"D:\\Learning\\todolist\\DailyTask\\Blog_page\\src\\services\\index.js","statementMap":{"0":{"start":{"line":3,"column":23},"end":{"line":11,"column":1}},"1":{"start":{"line":4,"column":22},"end":{"line":4,"column":55}},"2":{"start":{"line":5,"column":19},"end":{"line":5,"column":49}},"3":{"start":{"line":6,"column":15},"end":{"line":6,"column":35}},"4":{"start":{"line":7,"column":22},"end":{"line":7,"column":56}},"5":{"start":{"line":8,"column":28},"end":{"line":8,"column":68}},"6":{"start":{"line":9,"column":23},"end":{"line":9,"column":46}},"7":{"start":{"line":10,"column":21},"end":{"line":10,"column":38}},"8":{"start":{"line":13,"column":26},"end":{"line":21,"column":1}},"9":{"start":{"line":14,"column":27},"end":{"line":14,"column":59}},"10":{"start":{"line":15,"column":26},"end":{"line":15,"column":52}},"11":{"start":{"line":16,"column":23},"end":{"line":16,"column":46}},"12":{"start":{"line":17,"column":27},"end":{"line":17,"column":54}},"13":{"start":{"line":18,"column":31},"end":{"line":18,"column":71}},"14":{"start":{"line":19,"column":25},"end":{"line":19,"column":59}},"15":{"start":{"line":20,"column":23},"end":{"line":20,"column":55}},"16":{"start":{"line":23,"column":26},"end":{"line":29,"column":1}},"17":{"start":{"line":24,"column":47},"end":{"line":24,"column":100}},"18":{"start":{"line":25,"column":27},"end":{"line":25,"column":54}},"19":{"start":{"line":26,"column":31},"end":{"line":26,"column":71}},"20":{"start":{"line":27,"column":25},"end":{"line":27,"column":59}},"21":{"start":{"line":28,"column":23},"end":{"line":28,"column":55}},"22":{"start":{"line":31,"column":27},"end":{"line":37,"column":1}},"23":{"start":{"line":32,"column":23},"end":{"line":32,"column":45}},"24":{"start":{"line":33,"column":27},"end":{"line":33,"column":55}},"25":{"start":{"line":34,"column":28},"end":{"line":34,"column":57}},"26":{"start":{"line":35,"column":32},"end":{"line":35,"column":74}},"27":{"start":{"line":36,"column":26},"end":{"line":36,"column":62}},"28":{"start":{"line":39,"column":22},"end":{"line":46,"column":1}},"29":{"start":{"line":40,"column":17},"end":{"line":40,"column":33}},"30":{"start":{"line":41,"column":22},"end":{"line":41,"column":44}},"31":{"start":{"line":42,"column":26},"end":{"line":42,"column":55}},"32":{"start":{"line":43,"column":23},"end":{"line":43,"column":46}},"33":{"start":{"line":44,"column":27},"end":{"line":44,"column":63}},"34":{"start":{"line":45,"column":21},"end":{"line":45,"column":51}}},"fnMap":{"0":{"name":"(anonymous_0)","decl":{"start":{"line":4,"column":12},"end":{"line":4,"column":13}},"loc":{"start":{"line":4,"column":22},"end":{"line":4,"column":55}},"line":4},"1":{"name":"(anonymous_1)","decl":{"start":{"line":5,"column":9},"end":{"line":5,"column":10}},"loc":{"start":{"line":5,"column":19},"end":{"line":5,"column":49}},"line":5},"2":{"name":"(anonymous_2)","decl":{"start":{"line":6,"column":9},"end":{"line":6,"column":10}},"loc":{"start":{"line":6,"column":15},"end":{"line":6,"column":35}},"line":6},"3":{"name":"(anonymous_3)","decl":{"start":{"line":7,"column":12},"end":{"line":7,"column":13}},"loc":{"start":{"line":7,"column":22},"end":{"line":7,"column":56}},"line":7},"4":{"name":"(anonymous_4)","decl":{"start":{"line":8,"column":18},"end":{"line":8,"column":19}},"loc":{"start":{"line":8,"column":28},"end":{"line":8,"column":68}},"line":8},"5":{"name":"(anonymous_5)","decl":{"start":{"line":9,"column":15},"end":{"line":9,"column":16}},"loc":{"start":{"line":9,"column":23},"end":{"line":9,"column":46}},"line":9},"6":{"name":"(anonymous_6)","decl":{"start":{"line":10,"column":15},"end":{"line":10,"column":16}},"loc":{"start":{"line":10,"column":21},"end":{"line":10,"column":38}},"line":10},"7":{"name":"(anonymous_7)","decl":{"start":{"line":14,"column":15},"end":{"line":14,"column":16}},"loc":{"start":{"line":14,"column":27},"end":{"line":14,"column":59}},"line":14},"8":{"name":"(anonymous_8)","decl":{"start":{"line":15,"column":18},"end":{"line":15,"column":19}},"loc":{"start":{"line":15,"column":26},"end":{"line":15,"column":52}},"line":15},"9":{"name":"(anonymous_9)","decl":{"start":{"line":16,"column":17},"end":{"line":16,"column":18}},"loc":{"start":{"line":16,"column":23},"end":{"line":16,"column":46}},"line":16},"10":{"name":"(anonymous_10)","decl":{"start":{"line":17,"column":17},"end":{"line":17,"column":18}},"loc":{"start":{"line":17,"column":27},"end":{"line":17,"column":54}},"line":17},"11":{"name":"(anonymous_11)","decl":{"start":{"line":18,"column":17},"end":{"line":18,"column":18}},"loc":{"start":{"line":18,"column":31},"end":{"line":18,"column":71}},"line":18},"12":{"name":"(anonymous_12)","decl":{"start":{"line":19,"column":17},"end":{"line":19,"column":18}},"loc":{"start":{"line":19,"column":25},"end":{"line":19,"column":59}},"line":19},"13":{"name":"(anonymous_13)","decl":{"start":{"line":20,"column":15},"end":{"line":20,"column":16}},"loc":{"start":{"line":20,"column":23},"end":{"line":20,"column":55}},"line":20},"14":{"name":"(anonymous_14)","decl":{"start":{"line":24,"column":24},"end":{"line":24,"column":25}},"loc":{"start":{"line":24,"column":47},"end":{"line":24,"column":100}},"line":24},"15":{"name":"(anonymous_15)","decl":{"start":{"line":25,"column":17},"end":{"line":25,"column":18}},"loc":{"start":{"line":25,"column":27},"end":{"line":25,"column":54}},"line":25},"16":{"name":"(anonymous_16)","decl":{"start":{"line":26,"column":17},"end":{"line":26,"column":18}},"loc":{"start":{"line":26,"column":31},"end":{"line":26,"column":71}},"line":26},"17":{"name":"(anonymous_17)","decl":{"start":{"line":27,"column":17},"end":{"line":27,"column":18}},"loc":{"start":{"line":27,"column":25},"end":{"line":27,"column":59}},"line":27},"18":{"name":"(anonymous_18)","decl":{"start":{"line":28,"column":15},"end":{"line":28,"column":16}},"loc":{"start":{"line":28,"column":23},"end":{"line":28,"column":55}},"line":28},"19":{"name":"(anonymous_19)","decl":{"start":{"line":32,"column":17},"end":{"line":32,"column":18}},"loc":{"start":{"line":32,"column":23},"end":{"line":32,"column":45}},"line":32},"20":{"name":"(anonymous_20)","decl":{"start":{"line":33,"column":19},"end":{"line":33,"column":20}},"loc":{"start":{"line":33,"column":27},"end":{"line":33,"column":55}},"line":33},"21":{"name":"(anonymous_21)","decl":{"start":{"line":34,"column":18},"end":{"line":34,"column":19}},"loc":{"start":{"line":34,"column":28},"end":{"line":34,"column":57}},"line":34},"22":{"name":"(anonymous_22)","decl":{"start":{"line":35,"column":18},"end":{"line":35,"column":19}},"loc":{"start":{"line":35,"column":32},"end":{"line":35,"column":74}},"line":35},"23":{"name":"(anonymous_23)","decl":{"start":{"line":36,"column":18},"end":{"line":36,"column":19}},"loc":{"start":{"line":36,"column":26},"end":{"line":36,"column":62}},"line":36},"24":{"name":"(anonymous_24)","decl":{"start":{"line":40,"column":11},"end":{"line":40,"column":12}},"loc":{"start":{"line":40,"column":17},"end":{"line":40,"column":33}},"line":40},"25":{"name":"(anonymous_25)","decl":{"start":{"line":41,"column":14},"end":{"line":41,"column":15}},"loc":{"start":{"line":41,"column":22},"end":{"line":41,"column":44}},"line":41},"26":{"name":"(anonymous_26)","decl":{"start":{"line":42,"column":16},"end":{"line":42,"column":17}},"loc":{"start":{"line":42,"column":26},"end":{"line":42,"column":55}},"line":42},"27":{"name":"(anonymous_27)","decl":{"start":{"line":43,"column":13},"end":{"line":43,"column":14}},"loc":{"start":{"line":43,"column":23},"end":{"line":43,"column":46}},"line":43},"28":{"name":"(anonymous_28)","decl":{"start":{"line":44,"column":13},"end":{"line":44,"column":14}},"loc":{"start":{"line":44,"column":27},"end":{"line":44,"column":63}},"line":44},"29":{"name":"(anonymous_29)","decl":{"start":{"line":45,"column":13},"end":{"line":45,"column":14}},"loc":{"start":{"line":45,"column":21},"end":{"line":45,"column":51}},"line":45}},"branchMap":{},"s":{"0":1,"1":0,"2":0,"3":0,"4":0,"5":0,"6":0,"7":0,"8":1,"9":0,"10":0,"11":0,"12":0,"13":0,"14":0,"15":0,"16":1,"17":0,"18":0,"19":0,"20":0,"21":0,"22":1,"23":0,"24":0,"25":0,"26":0,"27":0,"28":1,"29":0,"30":0,"31":0,"32":0,"33":0,"34":0},"f":{"0":0,"1":0,"2":0,"3":0,"4":0,"5":0,"6":0,"7":0,"8":0,"9":0,"10":0,"11":0,"12":0,"13":0,"14":0,"15":0,"16":0,"17":0,"18":0,"19":0,"20":0,"21":0,"22":0,"23":0,"24":0,"25":0,"26":0,"27":0,"28":0,"29":0},"b":{},"_coverageSchema":"1a1c01bbd47fc00a2c39e90264f33305004495a9","hash":"ce57b5fef1b42c2a7f2b7a958f1c9f666eee1d89"}
}
